::1 - - [28/May/2021:11:18:54 +0530] "GET / HTTP/1.1" 200 2914
::1 - - [28/May/2021:11:18:55 +0530] "GET /favicon.ico HTTP/1.1" 404 196
::1 - - [28/May/2021:11:19:07 +0530] "GET /phpmyadmin HTTP/1.1" 301 236
::1 - - [28/May/2021:11:19:07 +0530] "GET /phpmyadmin/ HTTP/1.1" 200 3531
::1 - - [28/May/2021:11:19:09 +0530] "GET /phpmyadmin/themes/pmahomme/jquery/jquery-ui.css HTTP/1.1" 200 36566
::1 - - [28/May/2021:11:19:09 +0530] "GET /phpmyadmin/js/vendor/codemirror/lib/codemirror.css?v=5.0.1 HTTP/1.1" 200 8705
::1 - - [28/May/2021:11:19:09 +0530] "GET /phpmyadmin/js/vendor/codemirror/addon/hint/show-hint.css?v=5.0.1 HTTP/1.1" 200 623
::1 - - [28/May/2021:11:19:09 +0530] "GET /phpmyadmin/js/vendor/codemirror/addon/lint/lint.css?v=5.0.1 HTTP/1.1" 200 2999
::1 - - [28/May/2021:11:19:09 +0530] "GET /phpmyadmin/js/vendor/jquery/jquery.min.js?v=5.0.1 HTTP/1.1" 200 88145
::1 - - [28/May/2021:11:19:09 +0530] "GET /phpmyadmin/themes/pmahomme/css/theme.css?v=5.0.1&nocache=444837745ltr&server=1 HTTP/1.1" 200 100397
::1 - - [28/May/2021:11:19:09 +0530] "GET /phpmyadmin/js/vendor/jquery/jquery-migrate.js?v=5.0.1 HTTP/1.1" 200 19092
::1 - - [28/May/2021:11:19:09 +0530] "GET /phpmyadmin/js/vendor/sprintf.js?v=5.0.1 HTTP/1.1" 200 7387
::1 - - [28/May/2021:11:19:09 +0530] "GET /phpmyadmin/js/ajax.js?v=5.0.1 HTTP/1.1" 200 36644
::1 - - [28/May/2021:11:19:09 +0530] "GET /phpmyadmin/js/keyhandler.js?v=5.0.1 HTTP/1.1" 200 3337
::1 - - [28/May/2021:11:19:09 +0530] "GET /phpmyadmin/js/vendor/js.cookie.js?v=5.0.1 HTTP/1.1" 200 3883
::1 - - [28/May/2021:11:19:09 +0530] "GET /phpmyadmin/js/vendor/jquery/jquery-ui.min.js?v=5.0.1 HTTP/1.1" 200 253681
::1 - - [28/May/2021:11:19:09 +0530] "GET /phpmyadmin/js/vendor/bootstrap/bootstrap.bundle.min.js?v=5.0.1 HTTP/1.1" 200 78635
::1 - - [28/May/2021:11:19:09 +0530] "GET /phpmyadmin/js/vendor/jquery/jquery.event.drag-2.2.js?v=5.0.1 HTTP/1.1" 200 12826
::1 - - [28/May/2021:11:19:09 +0530] "GET /phpmyadmin/js/vendor/jquery/jquery.mousewheel.js?v=5.0.1 HTTP/1.1" 200 8267
::1 - - [28/May/2021:11:19:09 +0530] "GET /phpmyadmin/js/vendor/jquery/jquery.validate.js?v=5.0.1 HTTP/1.1" 200 50690
::1 - - [28/May/2021:11:19:09 +0530] "GET /phpmyadmin/js/vendor/jquery/jquery-ui-timepicker-addon.js?v=5.0.1 HTTP/1.1" 200 78475
::1 - - [28/May/2021:11:19:09 +0530] "GET /phpmyadmin/js/cross_framing_protection.js?v=5.0.1 HTTP/1.1" 200 465
::1 - - [28/May/2021:11:19:09 +0530] "GET /phpmyadmin/js/vendor/jquery/jquery.ba-hashchange-1.3.js?v=5.0.1 HTTP/1.1" 200 16522
::1 - - [28/May/2021:11:19:09 +0530] "GET /phpmyadmin/js/menu_resizer.js?v=5.0.1 HTTP/1.1" 200 8276
::1 - - [28/May/2021:11:19:09 +0530] "GET /phpmyadmin/js/vendor/tracekit.js?v=5.0.1 HTTP/1.1" 200 45389
::1 - - [28/May/2021:11:19:09 +0530] "GET /phpmyadmin/js/vendor/jquery/jquery.debounce-1.0.5.js?v=5.0.1 HTTP/1.1" 200 1169
::1 - - [28/May/2021:11:19:09 +0530] "GET /phpmyadmin/js/rte.js?v=5.0.1 HTTP/1.1" 200 47818
::1 - - [28/May/2021:11:19:09 +0530] "GET /phpmyadmin/js/doclinks.js?v=5.0.1 HTTP/1.1" 200 18970
::1 - - [28/May/2021:11:19:09 +0530] "GET /phpmyadmin/js/config.js?v=5.0.1 HTTP/1.1" 200 27402
::1 - - [28/May/2021:11:19:09 +0530] "GET /phpmyadmin/js/functions.js?v=5.0.1 HTTP/1.1" 200 177699
::1 - - [28/May/2021:11:19:09 +0530] "GET /phpmyadmin/js/error_report.js?v=5.0.1 HTTP/1.1" 200 10858
::1 - - [28/May/2021:11:19:09 +0530] "GET /phpmyadmin/js/indexes.js?v=5.0.1 HTTP/1.1" 200 29379
::1 - - [28/May/2021:11:19:09 +0530] "GET /phpmyadmin/js/page_settings.js?v=5.0.1 HTTP/1.1" 200 1746
::1 - - [28/May/2021:11:19:09 +0530] "GET /phpmyadmin/js/drag_drop_import.js?v=5.0.1 HTTP/1.1" 200 14528
::1 - - [28/May/2021:11:19:09 +0530] "GET /phpmyadmin/js/shortcuts_handler.js?v=5.0.1 HTTP/1.1" 200 3379
::1 - - [28/May/2021:11:19:09 +0530] "GET /phpmyadmin/js/common.js?v=5.0.1 HTTP/1.1" 200 4662
::1 - - [28/May/2021:11:19:09 +0530] "GET /phpmyadmin/js/vendor/codemirror/addon/runmode/runmode.js?v=5.0.1 HTTP/1.1" 200 2500
::1 - - [28/May/2021:11:19:09 +0530] "GET /phpmyadmin/js/vendor/codemirror/mode/sql/sql.js?v=5.0.1 HTTP/1.1" 200 47451
::1 - - [28/May/2021:11:19:09 +0530] "GET /phpmyadmin/js/vendor/codemirror/addon/hint/show-hint.js?v=5.0.1 HTTP/1.1" 200 17378
::1 - - [28/May/2021:11:19:09 +0530] "GET /phpmyadmin/js/vendor/codemirror/lib/codemirror.js?v=5.0.1 HTTP/1.1" 200 395660
::1 - - [28/May/2021:11:19:09 +0530] "GET /phpmyadmin/js/vendor/codemirror/addon/lint/lint.js?v=5.0.1 HTTP/1.1" 200 8610
::1 - - [28/May/2021:11:19:09 +0530] "GET /phpmyadmin/js/navigation.js?v=5.0.1 HTTP/1.1" 200 62743
::1 - - [28/May/2021:11:19:09 +0530] "GET /phpmyadmin/js/codemirror/addon/lint/sql-lint.js?v=5.0.1 HTTP/1.1" 200 1156
::1 - - [28/May/2021:11:19:09 +0530] "GET /phpmyadmin/js/vendor/codemirror/addon/hint/sql-hint.js?v=5.0.1 HTTP/1.1" 200 9599
::1 - - [28/May/2021:11:19:09 +0530] "GET /phpmyadmin/js/console.js?v=5.0.1 HTTP/1.1" 200 57024
::1 - - [28/May/2021:11:19:09 +0530] "GET /phpmyadmin/js/whitelist.php?v=5.0.1 HTTP/1.1" 200 478
::1 - - [28/May/2021:11:19:09 +0530] "GET /phpmyadmin/js/messages.php?l=en&v=5.0.1 HTTP/1.1" 200 8847
::1 - - [28/May/2021:11:19:09 +0530] "GET /phpmyadmin/themes/dot.gif HTTP/1.1" 200 43
::1 - - [28/May/2021:11:19:09 +0530] "GET /phpmyadmin/themes/pmahomme/img/logo_right.png HTTP/1.1" 200 4306
::1 - - [28/May/2021:11:19:10 +0530] "GET /phpmyadmin/themes/pmahomme/css/printview.css?v=5.0.1 HTTP/1.1" 200 1455
::1 - - [28/May/2021:11:19:10 +0530] "GET /phpmyadmin/themes/pmahomme/img/b_help.png HTTP/1.1" 200 705
::1 - - [28/May/2021:11:19:11 +0530] "GET /phpmyadmin/favicon.ico HTTP/1.1" 200 22486
::1 - - [28/May/2021:11:20:39 +0530] "GET /search_key.php?Keyword=CSE&Submit= HTTP/1.1" 200 680
::1 - - [28/May/2021:11:20:39 +0530] "GET /resources/demos/style.css HTTP/1.1" 404 196
::1 - - [28/May/2021:11:20:49 +0530] "GET /search_key.php?Keyword=CSE&Submit= HTTP/1.1" 200 680
::1 - - [28/May/2021:11:20:50 +0530] "GET /resources/demos/style.css HTTP/1.1" 404 196
::1 - - [28/May/2021:11:21:49 +0530] "-" 408 -
::1 - - [28/May/2021:11:23:00 +0530] "POST /phpmyadmin/index.php HTTP/1.1" 302 20
::1 - - [28/May/2021:11:23:00 +0530] "GET /phpmyadmin/index.php HTTP/1.1" 200 13328
::1 - - [28/May/2021:11:23:01 +0530] "GET /phpmyadmin/themes/pmahomme/css/theme.css?v=5.0.1&nocache=2067018926ltr&server=1 HTTP/1.1" 200 100397
::1 - - [28/May/2021:11:23:01 +0530] "GET /phpmyadmin/themes/pmahomme/img/logo_left.png HTTP/1.1" 200 2713
::1 - - [28/May/2021:11:23:01 +0530] "GET /phpmyadmin/themes/pmahomme/img/left_nav_bg.png HTTP/1.1" 200 146
::1 - - [28/May/2021:11:23:01 +0530] "GET /phpmyadmin/themes/pmahomme/img/b_home.png HTTP/1.1" 200 734
::1 - - [28/May/2021:11:23:01 +0530] "GET /phpmyadmin/themes/pmahomme/img/s_loggoff.png HTTP/1.1" 200 626
::1 - - [28/May/2021:11:23:01 +0530] "GET /phpmyadmin/themes/pmahomme/img/b_docs.png HTTP/1.1" 200 705
::1 - - [28/May/2021:11:23:01 +0530] "GET /phpmyadmin/themes/pmahomme/img/b_sqlhelp.png HTTP/1.1" 200 512
::1 - - [28/May/2021:11:23:01 +0530] "GET /phpmyadmin/themes/pmahomme/img/s_cog.png HTTP/1.1" 200 442
::1 - - [28/May/2021:11:23:02 +0530] "GET /phpmyadmin/themes/pmahomme/img/s_reload.png HTTP/1.1" 200 527
::1 - - [28/May/2021:11:23:02 +0530] "GET /phpmyadmin/themes/pmahomme/img/s_link.png HTTP/1.1" 200 280
::1 - - [28/May/2021:11:23:02 +0530] "GET /phpmyadmin/themes/pmahomme/img/b_plus.png HTTP/1.1" 200 143
::1 - - [28/May/2021:11:23:02 +0530] "GET /phpmyadmin/themes/pmahomme/img/s_db.png HTTP/1.1" 200 328
::1 - - [28/May/2021:11:23:02 +0530] "GET /phpmyadmin/themes/pmahomme/img/b_newdb.png HTTP/1.1" 200 585
::1 - - [28/May/2021:11:23:02 +0530] "GET /phpmyadmin/themes/pmahomme/img/s_host.png HTTP/1.1" 200 591
::1 - - [28/May/2021:11:23:02 +0530] "GET /phpmyadmin/themes/pmahomme/img/b_sql.png HTTP/1.1" 200 680
::1 - - [28/May/2021:11:23:02 +0530] "GET /phpmyadmin/themes/pmahomme/img/s_status.png HTTP/1.1" 200 600
::1 - - [28/May/2021:11:23:02 +0530] "GET /phpmyadmin/themes/pmahomme/img/s_rights.png HTTP/1.1" 200 461
::1 - - [28/May/2021:11:23:02 +0530] "GET /phpmyadmin/themes/pmahomme/img/b_export.png HTTP/1.1" 200 514
::1 - - [28/May/2021:11:23:02 +0530] "GET /phpmyadmin/themes/pmahomme/img/b_import.png HTTP/1.1" 200 556
::1 - - [28/May/2021:11:23:02 +0530] "GET /phpmyadmin/themes/pmahomme/img/b_tblops.png HTTP/1.1" 200 537
::1 - - [28/May/2021:11:23:02 +0530] "GET /phpmyadmin/themes/pmahomme/img/s_replication.png HTTP/1.1" 200 399
::1 - - [28/May/2021:11:23:02 +0530] "GET /phpmyadmin/themes/pmahomme/img/s_vars.png HTTP/1.1" 200 523
::1 - - [28/May/2021:11:23:02 +0530] "GET /phpmyadmin/themes/pmahomme/img/s_asci.png HTTP/1.1" 200 148
::1 - - [28/May/2021:11:23:02 +0530] "GET /phpmyadmin/themes/pmahomme/img/b_engine.png HTTP/1.1" 200 398
::1 - - [28/May/2021:11:23:02 +0530] "GET /phpmyadmin/themes/pmahomme/img/b_plugin.png HTTP/1.1" 200 512
::1 - - [28/May/2021:11:23:02 +0530] "GET /phpmyadmin/themes/pmahomme/img/s_top.png HTTP/1.1" 200 220
::1 - - [28/May/2021:11:23:02 +0530] "GET /phpmyadmin/themes/pmahomme/img/console.png HTTP/1.1" 200 292
::1 - - [28/May/2021:11:23:02 +0530] "GET /phpmyadmin/themes/pmahomme/img/s_passwd.png HTTP/1.1" 200 331
::1 - - [28/May/2021:11:23:02 +0530] "GET /phpmyadmin/themes/pmahomme/img/s_lang.png HTTP/1.1" 200 659
::1 - - [28/May/2021:11:23:02 +0530] "GET /phpmyadmin/themes/pmahomme/img/s_notice.png HTTP/1.1" 200 567
::1 - - [28/May/2021:11:23:02 +0530] "GET /phpmyadmin/themes/pmahomme/img/window-new.png HTTP/1.1" 200 468
::1 - - [28/May/2021:11:23:02 +0530] "GET /phpmyadmin/themes/pmahomme/img/s_theme.png HTTP/1.1" 200 772
::1 - - [28/May/2021:11:23:02 +0530] "POST /phpmyadmin/ajax.php HTTP/1.1" 200 1415
::1 - - [28/May/2021:11:23:02 +0530] "GET /phpmyadmin/themes/pmahomme/img/b_more.png HTTP/1.1" 200 111
::1 - - [28/May/2021:11:23:02 +0530] "POST /phpmyadmin/navigation.php?ajax_request=1 HTTP/1.1" 200 2059
::1 - - [28/May/2021:11:23:02 +0530] "POST /phpmyadmin/ajax.php HTTP/1.1" 200 1510
::1 - - [28/May/2021:11:23:03 +0530] "POST /phpmyadmin/ajax.php HTTP/1.1" 200 1407
::1 - - [28/May/2021:11:23:03 +0530] "POST /phpmyadmin/version_check.php HTTP/1.1" 200 28
::1 - - [28/May/2021:11:23:10 +0530] "GET /phpmyadmin/themes/pmahomme/img/ajax_clock_small.gif HTTP/1.1" 200 1810
::1 - - [28/May/2021:11:23:10 +0530] "GET /phpmyadmin/server_databases.php?ajax_request=true&ajax_page_request=true&_nocache=1622181190728749998&token=284e58652d277469303f547c2b6a4d7b HTTP/1.1" 200 6194
::1 - - [28/May/2021:11:23:10 +0530] "GET /phpmyadmin/server_databases.php?ajax_request=true&ajax_page_request=true&_nocache=1622181190902440953&token=284e58652d277469303f547c2b6a4d7b HTTP/1.1" 200 6194
::1 - - [28/May/2021:11:23:11 +0530] "GET /phpmyadmin/themes/pmahomme/img/s_asc.png HTTP/1.1" 200 146
::1 - - [28/May/2021:11:23:11 +0530] "GET /phpmyadmin/themes/pmahomme/img/b_deltbl.png HTTP/1.1" 200 577
::1 - - [28/May/2021:11:23:11 +0530] "GET /phpmyadmin/js/server/databases.js?v=5.0.1 HTTP/1.1" 200 5722
::1 - - [28/May/2021:11:23:11 +0530] "GET /phpmyadmin/themes/pmahomme/img/arrow_ltr.png HTTP/1.1" 200 101
::1 - - [28/May/2021:11:23:17 +0530] "GET /phpmyadmin/server_sql.php?ajax_request=true&ajax_page_request=true&_nocache=162218119703419835&token=284e58652d277469303f547c2b6a4d7b HTTP/1.1" 200 4146
::1 - - [28/May/2021:11:23:17 +0530] "GET /phpmyadmin/server_sql.php?ajax_request=true&ajax_page_request=true&_nocache=1622181197314311908&token=284e58652d277469303f547c2b6a4d7b HTTP/1.1" 200 4146
::1 - - [28/May/2021:11:23:17 +0530] "GET /phpmyadmin/js/makegrid.js?v=5.0.1 HTTP/1.1" 200 98272
::1 - - [28/May/2021:11:23:17 +0530] "GET /phpmyadmin/js/vendor/jquery/jquery.uitablefilter.js?v=5.0.1 HTTP/1.1" 200 3479
::1 - - [28/May/2021:11:23:17 +0530] "GET /phpmyadmin/js/sql.js?v=5.0.1 HTTP/1.1" 200 42174
::1 - - [28/May/2021:11:23:21 +0530] "GET /phpmyadmin/navigation.php?ajax_request=1&aPath=cm9vdA%3D%3D.aW5mb3JtYXRpb25fc2NoZW1h&vPath=cm9vdA%3D%3D.aW5mb3JtYXRpb25fc2NoZW1h&pos=0&pos2_name=&pos2_value=&searchClause=&searchClause2=&_nocache=1622181201437607611&token=284e58652d277469303f547c2b6a4d7b HTTP/1.1" 200 3050
::1 - - [28/May/2021:11:23:22 +0530] "GET /phpmyadmin/themes/pmahomme/img/b_view_add.png HTTP/1.1" 200 678
::1 - - [28/May/2021:11:23:22 +0530] "GET /phpmyadmin/themes/pmahomme/img/b_props.png HTTP/1.1" 200 573
::1 - - [28/May/2021:11:23:22 +0530] "GET /phpmyadmin/themes/pmahomme/img/b_minus.png HTTP/1.1" 200 123
::1 - - [28/May/2021:11:23:25 +0530] "GET /phpmyadmin/navigation.php?ajax_request=1&aPath=cm9vdA%3D%3D.cGVyZm9ybWFuY2Vfc2NoZW1h&vPath=cm9vdA%3D%3D.cGVyZm9ybWFuY2Vfc2NoZW1h&pos=0&pos2_name=&pos2_value=&searchClause=&searchClause2=&_nocache=1622181205387921772&token=284e58652d277469303f547c2b6a4d7b HTTP/1.1" 200 4002
::1 - - [28/May/2021:11:23:25 +0530] "GET /phpmyadmin/themes/pmahomme/img/b_table_add.png HTTP/1.1" 200 571
::1 - - [28/May/2021:11:23:27 +0530] "GET /phpmyadmin/navigation.php?ajax_request=1&aPath=cm9vdA%3D%3D.dGVzdA%3D%3D&vPath=cm9vdA%3D%3D.dGVzdA%3D%3D&pos=0&pos2_name=&pos2_value=&searchClause=&searchClause2=&_nocache=1622181207687252463&token=284e58652d277469303f547c2b6a4d7b HTTP/1.1" 200 1753
::1 - - [28/May/2021:11:23:29 +0530] "GET /phpmyadmin/sql.php?server=1&db=test&table=student_database&pos=0&ajax_request=true&ajax_page_request=true&_nocache=1622181209494588319&token=284e58652d277469303f547c2b6a4d7b HTTP/1.1" 200 6305
::1 - - [28/May/2021:11:23:29 +0530] "GET /phpmyadmin/sql.php?server=1&db=test&table=student_database&pos=0&ajax_request=true&ajax_page_request=true&_nocache=162218120967358250&token=284e58652d277469303f547c2b6a4d7b HTTP/1.1" 200 6309
::1 - - [28/May/2021:11:23:30 +0530] "GET /phpmyadmin/themes/pmahomme/img/s_tbl.png HTTP/1.1" 200 645
::1 - - [28/May/2021:11:23:30 +0530] "GET /phpmyadmin/themes/pmahomme/img/b_browse.png HTTP/1.1" 200 486
::1 - - [28/May/2021:11:23:30 +0530] "GET /phpmyadmin/themes/pmahomme/img/b_search.png HTTP/1.1" 200 538
::1 - - [28/May/2021:11:23:30 +0530] "GET /phpmyadmin/themes/pmahomme/img/b_tblexport.png HTTP/1.1" 200 514
::1 - - [28/May/2021:11:23:30 +0530] "GET /phpmyadmin/themes/pmahomme/img/b_insrow.png HTTP/1.1" 200 157
::1 - - [28/May/2021:11:23:30 +0530] "GET /phpmyadmin/themes/pmahomme/img/b_tblimport.png HTTP/1.1" 200 556
::1 - - [28/May/2021:11:23:30 +0530] "GET /phpmyadmin/themes/pmahomme/img/b_triggers.png HTTP/1.1" 200 446
::1 - - [28/May/2021:11:23:30 +0530] "GET /phpmyadmin/themes/pmahomme/img/s_success.png HTTP/1.1" 200 465
::1 - - [28/May/2021:11:23:30 +0530] "GET /phpmyadmin/themes/pmahomme/img/b_print.png HTTP/1.1" 200 639
::1 - - [28/May/2021:11:23:30 +0530] "GET /phpmyadmin/themes/pmahomme/img/b_chart.png HTTP/1.1" 200 449
::1 - - [28/May/2021:11:23:30 +0530] "GET /phpmyadmin/js/multi_column_sort.js?v=5.0.1 HTTP/1.1" 200 3331
::1 - - [28/May/2021:11:23:30 +0530] "GET /phpmyadmin/js/gis_data_editor.js?v=5.0.1 HTTP/1.1" 200 15021
::1 - - [28/May/2021:11:23:30 +0530] "GET /phpmyadmin/js/table/change.js?v=5.0.1 HTTP/1.1" 200 28579
::1 - - [28/May/2021:11:23:31 +0530] "GET /phpmyadmin/themes/pmahomme/img/col_pointer.png HTTP/1.1" 200 102
::1 - - [28/May/2021:11:23:30 +0530] "GET /phpmyadmin/index.php?ajax_request=1&recent_table=1&no_debug=true&_nocache=1622181210919735738&token=284e58652d277469303f547c2b6a4d7b HTTP/1.1" 200 1465
